This file contains any messages produced by compilers while
running configure, to aid debugging if configure makes a mistake.

It was created by pkg-config configure 0.28, which was
generated by GNU Autoconf 2.69.  Invocation command line was

  $ ./configure 

## --------- ##
## Platform. ##
## --------- ##

hostname = ns2
uname -m = i686
uname -r = 3.4.9-x86-smp
uname -s = Linux
uname -v = #1 SMP PREEMPT Sat Aug 18 16:18:05 SAST 2012

/usr/bin/uname -p = unknown
/bin/uname -X     = unknown

/bin/arch              = i686
/usr/bin/arch -k       = unknown
/usr/convex/getsysinfo = unknown
/usr/bin/hostinfo      = unknown
/bin/machine           = unknown
/usr/bin/oslevel       = unknown
/bin/universe          = unknown

PATH: /usr/lib/jvm/jdk-1.7.0_09//bin
PATH: /usr/local/sbin
PATH: /usr/sbin
PATH: /sbin
PATH: /usr/local/bin
PATH: /usr/bin
PATH: /bin
PATH: /usr/X11R7/bin
PATH: /opt/sophos/bin


## ----------- ##
## Core tests. ##
## ----------- ##

configure:2311: checking for a BSD-compatible install
configure:2379: result: /usr/bin/ginstall -c
configure:2390: checking whether build environment is sane
configure:2445: result: yes
configure:2596: checking for a thread-safe mkdir -p
configure:2635: result: /usr/bin/mkdir -p
configure:2642: checking for gawk
configure:2658: found /usr/bin/gawk
configure:2669: result: gawk
configure:2680: checking whether make sets $(MAKE)
configure:2702: result: yes
configure:2731: checking whether make supports nested variables
configure:2748: result: yes
configure:2862: checking build system type
configure:2876: result: i686-pc-linux-gnu
configure:2896: checking host system type
configure:2909: result: i686-pc-linux-gnu
configure:2950: checking how to print strings
configure:2977: result: printf
configure:3010: checking for style of include used by make
configure:3038: result: GNU
configure:3109: checking for gcc
configure:3125: found /usr/bin/gcc
configure:3136: result: gcc
configure:3365: checking for C compiler version
configure:3374: gcc --version >&5
gcc (GCC) 4.8.1 20130530 (prerelease)
Copyright (C) 2013 Free Software Foundation, Inc.
This is free software; see the source for copying conditions.  There is NO
warranty; not even for MERCHANTABILITY or FITNESS FOR A PARTICULAR PURPOSE.

configure:3385: $? = 0
configure:3374: gcc -v >&5
Using built-in specs.
COLLECT_GCC=gcc
COLLECT_LTO_WRAPPER=/usr/libexec/gcc/i686-linux-gnu/4.8.1/lto-wrapper
Target: i686-linux-gnu
Configured with: ./../configure --prefix=/usr --sysconfdir=/etc/ --mandir=/usr/share/man --localstatedir=/var --infodir=/usr/share/info --libdir=/usr/lib --host=i686-linux-gnu --build=i686-linux-gnu --with-ecj-jar=/usr/share/java/ecj-3.5.2.jar --enable-lto --enable-cloog-backend=isl --enable-java-home --with-system-zlib --target=i686-linux-gnu --with-sysroot=/ --with-jvm-root-dir=/usr/lib/jvm/gcj-jdk --enable-languages=c,c++,fortran,java,lto,objc,obj-c++,go,ada
Thread model: posix
gcc version 4.8.1 20130530 (prerelease) (GCC) 
configure:3385: $? = 0
configure:3374: gcc -V >&5
gcc: error: unrecognized command line option '-V'
gcc: fatal error: no input files
compilation terminated.
configure:3385: $? = 1
configure:3374: gcc -qversion >&5
gcc: error: unrecognized command line option '-qversion'
gcc: fatal error: no input files
compilation terminated.
configure:3385: $? = 1
configure:3405: checking whether the C compiler works
configure:3427: gcc    conftest.c  >&5
configure:3431: $? = 0
configure:3479: result: yes
configure:3482: checking for C compiler default output file name
configure:3484: result: a.out
configure:3490: checking for suffix of executables
configure:3497: gcc -o conftest    conftest.c  >&5
configure:3501: $? = 0
configure:3523: result: 
configure:3545: checking whether we are cross compiling
configure:3553: gcc -o conftest    conftest.c  >&5
configure:3557: $? = 0
configure:3564: ./conftest
configure:3568: $? = 0
configure:3583: result: no
configure:3588: checking for suffix of object files
configure:3610: gcc -c   conftest.c >&5
configure:3614: $? = 0
configure:3635: result: o
configure:3639: checking whether we are using the GNU C compiler
configure:3658: gcc -c   conftest.c >&5
configure:3658: $? = 0
configure:3667: result: yes
configure:3676: checking whether gcc accepts -g
configure:3696: gcc -c -g  conftest.c >&5
configure:3696: $? = 0
configure:3737: result: yes
configure:3754: checking for gcc option to accept ISO C89
configure:3817: gcc  -c -g -O2  conftest.c >&5
configure:3817: $? = 0
configure:3830: result: none needed
configure:3852: checking dependency style of gcc
configure:3963: result: gcc3
configure:3978: checking for a sed that does not truncate output
configure:4042: result: /usr/bin/sed
configure:4060: checking for grep that handles long lines and -e
configure:4118: result: /usr/bin/grep
configure:4123: checking for egrep
configure:4185: result: /usr/bin/grep -E
configure:4190: checking for fgrep
configure:4252: result: /usr/bin/grep -F
configure:4287: checking for ld used by gcc
configure:4354: result: /usr/i686-linux-gnu/bin/ld
configure:4361: checking if the linker (/usr/i686-linux-gnu/bin/ld) is GNU ld
configure:4376: result: yes
configure:4388: checking for BSD- or MS-compatible name lister (nm)
configure:4437: result: /usr/bin/nm -B
configure:4567: checking the name lister (/usr/bin/nm -B) interface
configure:4574: gcc -c -g -O2  conftest.c >&5
configure:4577: /usr/bin/nm -B "conftest.o"
configure:4580: output
00000000 B some_variable
configure:4587: result: BSD nm
configure:4590: checking whether ln -s works
configure:4594: result: yes
configure:4602: checking the maximum length of command line arguments
configure:4732: result: 1572864
configure:4749: checking whether the shell understands some XSI constructs
configure:4759: result: yes
configure:4763: checking whether the shell understands "+="
configure:4769: result: yes
configure:4804: checking how to convert i686-pc-linux-gnu file names to i686-pc-linux-gnu format
configure:4844: result: func_convert_file_noop
configure:4851: checking how to convert i686-pc-linux-gnu file names to toolchain format
configure:4871: result: func_convert_file_noop
configure:4878: checking for /usr/i686-linux-gnu/bin/ld option to reload object files
configure:4885: result: -r
configure:4959: checking for objdump
configure:4975: found /usr/bin/objdump
configure:4986: result: objdump
configure:5018: checking how to recognize dependent libraries
configure:5220: result: pass_all
configure:5305: checking for dlltool
configure:5335: result: no
configure:5365: checking how to associate runtime and link libraries
configure:5392: result: printf %s\n
configure:5453: checking for ar
configure:5469: found /usr/bin/ar
configure:5480: result: ar
configure:5517: checking for archiver @FILE support
configure:5534: gcc -c -g -O2  conftest.c >&5
configure:5534: $? = 0
configure:5537: ar cru libconftest.a @conftest.lst >&5
configure:5540: $? = 0
configure:5545: ar cru libconftest.a @conftest.lst >&5
ar: conftest.o: No such file or directory
configure:5548: $? = 1
configure:5560: result: @
configure:5618: checking for strip
configure:5634: found /usr/bin/strip
configure:5645: result: strip
configure:5717: checking for ranlib
configure:5733: found /usr/bin/ranlib
configure:5744: result: ranlib
configure:5846: checking command to parse /usr/bin/nm -B output from gcc object
configure:5966: gcc -c -g -O2  conftest.c >&5
configure:5969: $? = 0
configure:5973: /usr/bin/nm -B conftest.o \| sed -n -e 's/^.*[ ]\([ABCDGIRSTW][ABCDGIRSTW]*\)[ ][ ]*\([_A-Za-z][_A-Za-z0-9]*\)$/\1 \2 \2/p' | sed '/ __gnu_lto/d' \> conftest.nm
configure:5976: $? = 0
configure:6042: gcc -o conftest -g -O2   conftest.c conftstm.o >&5
configure:6045: $? = 0
configure:6083: result: ok
configure:6120: checking for sysroot
configure:6150: result: no
configure:6406: checking for mt
configure:6422: found /usr/bin/mt
configure:6433: result: mt
configure:6456: checking if mt is a manifest tool
configure:6462: mt '-?'
usage: mt [-v] [--version] [-h] [ -f device ] command [ count ]
configure:6470: result: no
configure:7112: checking how to run the C preprocessor
configure:7143: gcc -E  conftest.c
configure:7143: $? = 0
configure:7157: gcc -E  conftest.c
conftest.c:11:28: fatal error: ac_nonexistent.h: No such file or directory
 #include <ac_nonexistent.h>
                            ^
compilation terminated.
configure:7157: $? = 1
configure: failed program was:
| /* confdefs.h */
| #define PACKAGE_NAME "pkg-config"
| #define PACKAGE_TARNAME "pkg-config"
| #define PACKAGE_VERSION "0.28"
| #define PACKAGE_STRING "pkg-config 0.28"
| #define PACKAGE_BUGREPORT "https://bugs.freedesktop.org/enter_bug.cgi?product=pkg-config"
| #define PACKAGE_URL ""
| #define PACKAGE "pkg-config"
| #define VERSION "0.28"
| /* end confdefs.h.  */
| #include <ac_nonexistent.h>
configure:7182: result: gcc -E
configure:7202: gcc -E  conftest.c
configure:7202: $? = 0
configure:7216: gcc -E  conftest.c
conftest.c:11:28: fatal error: ac_nonexistent.h: No such file or directory
 #include <ac_nonexistent.h>
                            ^
compilation terminated.
configure:7216: $? = 1
configure: failed program was:
| /* confdefs.h */
| #define PACKAGE_NAME "pkg-config"
| #define PACKAGE_TARNAME "pkg-config"
| #define PACKAGE_VERSION "0.28"
| #define PACKAGE_STRING "pkg-config 0.28"
| #define PACKAGE_BUGREPORT "https://bugs.freedesktop.org/enter_bug.cgi?product=pkg-config"
| #define PACKAGE_URL ""
| #define PACKAGE "pkg-config"
| #define VERSION "0.28"
| /* end confdefs.h.  */
| #include <ac_nonexistent.h>
configure:7245: checking for ANSI C header files
configure:7265: gcc -c -g -O2  conftest.c >&5
configure:7265: $? = 0
configure:7338: gcc -o conftest -g -O2   conftest.c  >&5
configure:7338: $? = 0
configure:7338: ./conftest
configure:7338: $? = 0
configure:7349: result: yes
configure:7362: checking for sys/types.h
configure:7362: gcc -c -g -O2  conftest.c >&5
configure:7362: $? = 0
configure:7362: result: yes
configure:7362: checking for sys/stat.h
configure:7362: gcc -c -g -O2  conftest.c >&5
configure:7362: $? = 0
configure:7362: result: yes
configure:7362: checking for stdlib.h
configure:7362: gcc -c -g -O2  conftest.c >&5
configure:7362: $? = 0
configure:7362: result: yes
configure:7362: checking for string.h
configure:7362: gcc -c -g -O2  conftest.c >&5
configure:7362: $? = 0
configure:7362: result: yes
configure:7362: checking for memory.h
configure:7362: gcc -c -g -O2  conftest.c >&5
configure:7362: $? = 0
configure:7362: result: yes
configure:7362: checking for strings.h
configure:7362: gcc -c -g -O2  conftest.c >&5
configure:7362: $? = 0
configure:7362: result: yes
configure:7362: checking for inttypes.h
configure:7362: gcc -c -g -O2  conftest.c >&5
configure:7362: $? = 0
configure:7362: result: yes
configure:7362: checking for stdint.h
configure:7362: gcc -c -g -O2  conftest.c >&5
configure:7362: $? = 0
configure:7362: result: yes
configure:7362: checking for unistd.h
configure:7362: gcc -c -g -O2  conftest.c >&5
configure:7362: $? = 0
configure:7362: result: yes
configure:7376: checking for dlfcn.h
configure:7376: gcc -c -g -O2  conftest.c >&5
configure:7376: $? = 0
configure:7376: result: yes
configure:7582: checking for objdir
configure:7597: result: .libs
configure:7864: checking if gcc supports -fno-rtti -fno-exceptions
configure:7882: gcc -c -g -O2  -fno-rtti -fno-exceptions conftest.c >&5
cc1: warning: command line option '-fno-rtti' is valid for C++/ObjC++ but not for C [enabled by default]
configure:7886: $? = 0
configure:7899: result: no
configure:8226: checking for gcc option to produce PIC
configure:8233: result: -fPIC -DPIC
configure:8241: checking if gcc PIC flag -fPIC -DPIC works
configure:8259: gcc -c -g -O2  -fPIC -DPIC -DPIC conftest.c >&5
configure:8263: $? = 0
configure:8276: result: yes
configure:8305: checking if gcc static flag -static works
configure:8333: result: yes
configure:8348: checking if gcc supports -c -o file.o
configure:8369: gcc -c -g -O2  -o out/conftest2.o conftest.c >&5
configure:8373: $? = 0
configure:8395: result: yes
configure:8403: checking if gcc supports -c -o file.o
configure:8450: result: yes
configure:8483: checking whether the gcc linker (/usr/i686-linux-gnu/bin/ld) supports shared libraries
configure:9636: result: yes
configure:9673: checking whether -lc should be explicitly linked in
configure:9681: gcc -c -g -O2  conftest.c >&5
configure:9684: $? = 0
configure:9699: gcc -shared  -fPIC -DPIC conftest.o  -v -Wl,-soname -Wl,conftest -o conftest 2\>\&1 \| /usr/bin/grep  -lc  \>/dev/null 2\>\&1
configure:9702: $? = 0
configure:9716: result: no
configure:9876: checking dynamic linker characteristics
configure:10387: gcc -o conftest -g -O2   -Wl,-rpath -Wl,/foo conftest.c  >&5
configure:10387: $? = 0
configure:10609: result: GNU/Linux ld.so
configure:10716: checking how to hardcode library paths into programs
configure:10741: result: immediate
configure:11281: checking whether stripping libraries is possible
configure:11286: result: yes
configure:11321: checking if libtool supports shared libraries
configure:11323: result: yes
configure:11326: checking whether to build shared libraries
configure:11347: result: yes
configure:11350: checking whether to build static libraries
configure:11354: result: yes
configure:11403: checking whether make supports nested variables
configure:11420: result: yes
configure:11480: checking for gcc
configure:11507: result: gcc
configure:11736: checking for C compiler version
configure:11745: gcc --version >&5
gcc (GCC) 4.8.1 20130530 (prerelease)
Copyright (C) 2013 Free Software Foundation, Inc.
This is free software; see the source for copying conditions.  There is NO
warranty; not even for MERCHANTABILITY or FITNESS FOR A PARTICULAR PURPOSE.

configure:11756: $? = 0
configure:11745: gcc -v >&5
Using built-in specs.
COLLECT_GCC=gcc
COLLECT_LTO_WRAPPER=/usr/libexec/gcc/i686-linux-gnu/4.8.1/lto-wrapper
Target: i686-linux-gnu
Configured with: ./../configure --prefix=/usr --sysconfdir=/etc/ --mandir=/usr/share/man --localstatedir=/var --infodir=/usr/share/info --libdir=/usr/lib --host=i686-linux-gnu --build=i686-linux-gnu --with-ecj-jar=/usr/share/java/ecj-3.5.2.jar --enable-lto --enable-cloog-backend=isl --enable-java-home --with-system-zlib --target=i686-linux-gnu --with-sysroot=/ --with-jvm-root-dir=/usr/lib/jvm/gcj-jdk --enable-languages=c,c++,fortran,java,lto,objc,obj-c++,go,ada
Thread model: posix
gcc version 4.8.1 20130530 (prerelease) (GCC) 
configure:11756: $? = 0
configure:11745: gcc -V >&5
gcc: error: unrecognized command line option '-V'
gcc: fatal error: no input files
compilation terminated.
configure:11756: $? = 1
configure:11745: gcc -qversion >&5
gcc: error: unrecognized command line option '-qversion'
gcc: fatal error: no input files
compilation terminated.
configure:11756: $? = 1
configure:11760: checking whether we are using the GNU C compiler
configure:11788: result: yes
configure:11797: checking whether gcc accepts -g
configure:11858: result: yes
configure:11875: checking for gcc option to accept ISO C89
configure:11951: result: none needed
configure:11973: checking dependency style of gcc
configure:12084: result: gcc3
configure:12101: checking for ln
configure:12117: found /usr/bin/ln
configure:12129: result: ln
configure:12141: checking dirent.h usability
configure:12141: gcc -c -g -O2  conftest.c >&5
configure:12141: $? = 0
configure:12141: result: yes
configure:12141: checking dirent.h presence
configure:12141: gcc -E  conftest.c
configure:12141: $? = 0
configure:12141: result: yes
configure:12141: checking for dirent.h
configure:12141: result: yes
configure:12141: checking for unistd.h
configure:12141: result: yes
configure:12141: checking sys/wait.h usability
configure:12141: gcc -c -g -O2  conftest.c >&5
configure:12141: $? = 0
configure:12141: result: yes
configure:12141: checking sys/wait.h presence
configure:12141: gcc -E  conftest.c
configure:12141: $? = 0
configure:12141: result: yes
configure:12141: checking for sys/wait.h
configure:12141: result: yes
configure:12141: checking malloc.h usability
configure:12141: gcc -c -g -O2  conftest.c >&5
configure:12141: $? = 0
configure:12141: result: yes
configure:12141: checking malloc.h presence
configure:12141: gcc -E  conftest.c
configure:12141: $? = 0
configure:12141: result: yes
configure:12141: checking for malloc.h
configure:12141: result: yes
configure:12158: checking for bash
configure:12176: found /usr/bin/bash
configure:12188: result: /usr/bin/bash
configure:12201: checking for default search path for .pc files
configure:12219: result: ${libdir}/pkgconfig:${datadir}/pkgconfig:/usr/lib/pkgconfig:/usr/share/pkgconfig
configure:12223: checking for system include path to avoid -I flags
configure:12233: result: /usr/include
configure:12237: checking for system library path to avoid -L flags
configure:12257: result: /usr/lib:/lib
configure:12262: creating ./config.lt

## ------------------ ##
## Running config.lt. ##
## ------------------ ##
config.lt:625: creating libtool
use_indirect_deps=auto
configure:13638: checking whether to list both direct and indirect dependencies
configure:13656: result: no
configure:13671: checking for Win32
configure:13681: result: no
configure:13795: checking if internal glib should be used
configure:13808: result: no
configure:13864: checking for pkg-config
configure:13882: found /usr/bin/pkg-config
configure:13894: result: /usr/bin/pkg-config
configure:13919: checking pkg-config is at least version 0.9.0
configure:13922: result: yes
configure:13932: checking for GLIB
configure:13939: $PKG_CONFIG --exists --print-errors "glib-2.0 >= 2.16"
configure:13942: $? = 0
configure:13956: $PKG_CONFIG --exists --print-errors "glib-2.0 >= 2.16"
configure:13959: $? = 0
configure:13997: result: yes
configure:14067: checking if host- prefixed tool should be installed
configure:14076: result: yes
configure:14198: checking that generated files are newer than configure
configure:14204: result: done
configure:14243: creating ./config.status

## ---------------------- ##
## Running config.status. ##
## ---------------------- ##

This file was extended by pkg-config config.status 0.28, which was
generated by GNU Autoconf 2.69.  Invocation command line was

  CONFIG_FILES    = 
  CONFIG_HEADERS  = 
  CONFIG_LINKS    = 
  CONFIG_COMMANDS = 
  $ ./config.status 

on ns2

config.status:1109: creating Makefile
config.status:1109: creating check/Makefile
config.status:1109: creating check/config.sh
config.status:1109: creating config.h
config.status:1338: executing depfiles commands
config.status:1338: executing libtool commands

## ---------------- ##
## Cache variables. ##
## ---------------- ##

ac_cv_build=i686-pc-linux-gnu
ac_cv_c_compiler_gnu=yes
ac_cv_env_CC_set=
ac_cv_env_CC_value=
ac_cv_env_CFLAGS_set=
ac_cv_env_CFLAGS_value=
ac_cv_env_CPPFLAGS_set=
ac_cv_env_CPPFLAGS_value=
ac_cv_env_CPP_set=
ac_cv_env_CPP_value=
ac_cv_env_GLIB_CFLAGS_set=
ac_cv_env_GLIB_CFLAGS_value=
ac_cv_env_GLIB_LIBS_set=
ac_cv_env_GLIB_LIBS_value=
ac_cv_env_LDFLAGS_set=
ac_cv_env_LDFLAGS_value=
ac_cv_env_LIBS_set=
ac_cv_env_LIBS_value=
ac_cv_env_PKG_CONFIG_LIBDIR_set=
ac_cv_env_PKG_CONFIG_LIBDIR_value=
ac_cv_env_PKG_CONFIG_PATH_set=
ac_cv_env_PKG_CONFIG_PATH_value=
ac_cv_env_PKG_CONFIG_set=
ac_cv_env_PKG_CONFIG_value=
ac_cv_env_TESTS_SHELL_set=
ac_cv_env_TESTS_SHELL_value=
ac_cv_env_build_alias_set=
ac_cv_env_build_alias_value=
ac_cv_env_host_alias_set=
ac_cv_env_host_alias_value=
ac_cv_env_target_alias_set=
ac_cv_env_target_alias_value=
ac_cv_header_dirent_h=yes
ac_cv_header_dlfcn_h=yes
ac_cv_header_inttypes_h=yes
ac_cv_header_malloc_h=yes
ac_cv_header_memory_h=yes
ac_cv_header_stdc=yes
ac_cv_header_stdint_h=yes
ac_cv_header_stdlib_h=yes
ac_cv_header_string_h=yes
ac_cv_header_strings_h=yes
ac_cv_header_sys_stat_h=yes
ac_cv_header_sys_types_h=yes
ac_cv_header_sys_wait_h=yes
ac_cv_header_unistd_h=yes
ac_cv_host=i686-pc-linux-gnu
ac_cv_objext=o
ac_cv_path_EGREP='/usr/bin/grep -E'
ac_cv_path_FGREP='/usr/bin/grep -F'
ac_cv_path_GREP=/usr/bin/grep
ac_cv_path_SED=/usr/bin/sed
ac_cv_path_TESTS_SHELL=/usr/bin/bash
ac_cv_path_ac_pt_PKG_CONFIG=/usr/bin/pkg-config
ac_cv_path_install='/usr/bin/ginstall -c'
ac_cv_path_mkdir=/usr/bin/mkdir
ac_cv_prog_AWK=gawk
ac_cv_prog_CPP='gcc -E'
ac_cv_prog_LN=ln
ac_cv_prog_ac_ct_AR=ar
ac_cv_prog_ac_ct_CC=gcc
ac_cv_prog_ac_ct_MANIFEST_TOOL=mt
ac_cv_prog_ac_ct_OBJDUMP=objdump
ac_cv_prog_ac_ct_RANLIB=ranlib
ac_cv_prog_ac_ct_STRIP=strip
ac_cv_prog_cc_c89=
ac_cv_prog_cc_g=yes
ac_cv_prog_make_make_set=yes
am_cv_CC_dependencies_compiler_type=gcc3
am_cv_make_support_nested_variables=yes
lt_cv_ar_at_file=@
lt_cv_archive_cmds_need_lc=no
lt_cv_deplibs_check_method=pass_all
lt_cv_file_magic_cmd='$MAGIC_CMD'
lt_cv_file_magic_test_file=
lt_cv_ld_reload_flag=-r
lt_cv_nm_interface='BSD nm'
lt_cv_objdir=.libs
lt_cv_path_LD=/usr/i686-linux-gnu/bin/ld
lt_cv_path_NM='/usr/bin/nm -B'
lt_cv_path_mainfest_tool=no
lt_cv_prog_compiler_c_o=yes
lt_cv_prog_compiler_pic='-fPIC -DPIC'
lt_cv_prog_compiler_pic_works=yes
lt_cv_prog_compiler_rtti_exceptions=no
lt_cv_prog_compiler_static_works=yes
lt_cv_prog_gnu_ld=yes
lt_cv_sharedlib_from_linklib_cmd='printf %s\n'
lt_cv_shlibpath_overrides_runpath=no
lt_cv_sys_global_symbol_pipe='sed -n -e '\''s/^.*[	 ]\([ABCDGIRSTW][ABCDGIRSTW]*\)[	 ][	 ]*\([_A-Za-z][_A-Za-z0-9]*\)$/\1 \2 \2/p'\'' | sed '\''/ __gnu_lto/d'\'''
lt_cv_sys_global_symbol_to_c_name_address='sed -n -e '\''s/^: \([^ ]*\)[ ]*$/  {\"\1\", (void *) 0},/p'\'' -e '\''s/^[ABCDGIRSTW]* \([^ ]*\) \([^ ]*\)$/  {"\2", (void *) \&\2},/p'\'''
lt_cv_sys_global_symbol_to_c_name_address_lib_prefix='sed -n -e '\''s/^: \([^ ]*\)[ ]*$/  {\"\1\", (void *) 0},/p'\'' -e '\''s/^[ABCDGIRSTW]* \([^ ]*\) \(lib[^ ]*\)$/  {"\2", (void *) \&\2},/p'\'' -e '\''s/^[ABCDGIRSTW]* \([^ ]*\) \([^ ]*\)$/  {"lib\2", (void *) \&\2},/p'\'''
lt_cv_sys_global_symbol_to_cdecl='sed -n -e '\''s/^T .* \(.*\)$/extern int \1();/p'\'' -e '\''s/^[ABCDGIRSTW]* .* \(.*\)$/extern char \1;/p'\'''
lt_cv_sys_max_cmd_len=1572864
lt_cv_to_host_file_cmd=func_convert_file_noop
lt_cv_to_tool_file_cmd=func_convert_file_noop
pkg_cv_GLIB_CFLAGS='-I/usr/include/glib-2.0 -I/usr/lib/glib-2.0/include  '
pkg_cv_GLIB_LIBS='-lglib-2.0  '

## ----------------- ##
## Output variables. ##
## ----------------- ##

ACLOCAL='${SHELL} /usr/src/pkg-config/pkg-config/missing aclocal-1.13'
AMDEPBACKSLASH='\'
AMDEP_FALSE='#'
AMDEP_TRUE=''
AMTAR='$${TAR-tar}'
AM_BACKSLASH='\'
AM_DEFAULT_V='$(AM_DEFAULT_VERBOSITY)'
AM_DEFAULT_VERBOSITY='0'
AM_V='$(V)'
AR='ar'
AUTOCONF='${SHELL} /usr/src/pkg-config/pkg-config/missing autoconf'
AUTOHEADER='${SHELL} /usr/src/pkg-config/pkg-config/missing autoheader'
AUTOMAKE='${SHELL} /usr/src/pkg-config/pkg-config/missing automake-1.13'
AWK='gawk'
CC='gcc'
CCDEPMODE='depmode=gcc3'
CFLAGS='-g -O2'
CPP='gcc -E'
CPPFLAGS=''
CYGPATH_W='echo'
DEFS='-DHAVE_CONFIG_H'
DEPDIR='.deps'
DLLTOOL='false'
DSYMUTIL=''
DUMPBIN=''
ECHO_C=''
ECHO_N='-n'
ECHO_T=''
EGREP='/usr/bin/grep -E'
EXEEXT=''
FGREP='/usr/bin/grep -F'
GCOV=''
GCOV_CFLAGS=''
GLIB_CFLAGS='-I/usr/include/glib-2.0 -I/usr/lib/glib-2.0/include  '
GLIB_LIBS='-lglib-2.0  '
GREP='/usr/bin/grep'
HOST_TOOL_FALSE='#'
HOST_TOOL_TRUE=''
INSTALL_DATA='${INSTALL} -m 644'
INSTALL_PROGRAM='${INSTALL}'
INSTALL_SCRIPT='${INSTALL}'
INSTALL_STRIP_PROGRAM='$(install_sh) -c -s'
INTERNAL_GLIB_FALSE=''
INTERNAL_GLIB_TRUE='#'
LD='/usr/i686-linux-gnu/bin/ld'
LDFLAGS=''
LIBOBJS=''
LIBS=''
LIBTOOL='$(SHELL) $(top_builddir)/libtool'
LIPO=''
LN='ln'
LN_S='ln -s'
LTLIBOBJS=''
MAKEINFO='${SHELL} /usr/src/pkg-config/pkg-config/missing makeinfo'
MANIFEST_TOOL=':'
MKDIR_P='/usr/bin/mkdir -p'
NATIVE_WIN32_FALSE=''
NATIVE_WIN32_TRUE='#'
NM='/usr/bin/nm -B'
NMEDIT=''
OBJDUMP='objdump'
OBJEXT='o'
OTOOL64=''
OTOOL=''
PACKAGE='pkg-config'
PACKAGE_BUGREPORT='https://bugs.freedesktop.org/enter_bug.cgi?product=pkg-config'
PACKAGE_NAME='pkg-config'
PACKAGE_STRING='pkg-config 0.28'
PACKAGE_TARNAME='pkg-config'
PACKAGE_URL=''
PACKAGE_VERSION='0.28'
PATH_SEPARATOR=':'
PKG_CONFIG='/usr/bin/pkg-config'
PKG_CONFIG_LIBDIR=''
PKG_CONFIG_PATH=''
RANLIB='ranlib'
SED='/usr/bin/sed'
SET_MAKE=''
SHELL='/bin/sh'
STRIP='strip'
TESTS_SHELL='/usr/bin/bash'
VERSION='0.28'
WARN_CFLAGS='-g -Wall -O2'
ac_ct_AR='ar'
ac_ct_CC='gcc'
ac_ct_DUMPBIN=''
am__EXEEXT_FALSE=''
am__EXEEXT_TRUE='#'
am__fastdepCC_FALSE='#'
am__fastdepCC_TRUE=''
am__include='include'
am__isrc=''
am__leading_dot='.'
am__nodep='_no'
am__quote=''
am__tar='$${TAR-tar} chof - "$$tardir"'
am__untar='$${TAR-tar} xf -'
bindir='${exec_prefix}/bin'
build='i686-pc-linux-gnu'
build_alias=''
build_cpu='i686'
build_os='linux-gnu'
build_vendor='pc'
datadir='${datarootdir}'
datarootdir='${prefix}/share'
docdir='${datarootdir}/doc/${PACKAGE_TARNAME}'
dvidir='${docdir}'
exec_prefix='${prefix}'
host='i686-pc-linux-gnu'
host_alias=''
host_cpu='i686'
host_os='linux-gnu'
host_vendor='pc'
htmldir='${docdir}'
includedir='${prefix}/include'
infodir='${datarootdir}/info'
install_sh='${SHELL} /usr/src/pkg-config/pkg-config/install-sh'
libdir='${exec_prefix}/lib'
libexecdir='${exec_prefix}/libexec'
localedir='${datarootdir}/locale'
localstatedir='${prefix}/var'
mandir='${datarootdir}/man'
mkdir_p='$(MKDIR_P)'
oldincludedir='/usr/include'
pc_path='${libdir}/pkgconfig:${datadir}/pkgconfig:/usr/lib/pkgconfig:/usr/share/pkgconfig'
pdfdir='${docdir}'
prefix='/usr/local'
program_transform_name='s,x,x,'
psdir='${docdir}'
sbindir='${exec_prefix}/sbin'
sharedstatedir='${prefix}/com'
subdirs=''
sysconfdir='${prefix}/etc'
system_include_path='/usr/include'
system_library_path='/usr/lib:/lib'
target_alias=''
use_indirect_deps='no'

## ----------- ##
## confdefs.h. ##
## ----------- ##

/* confdefs.h */
#define PACKAGE_NAME "pkg-config"
#define PACKAGE_TARNAME "pkg-config"
#define PACKAGE_VERSION "0.28"
#define PACKAGE_STRING "pkg-config 0.28"
#define PACKAGE_BUGREPORT "https://bugs.freedesktop.org/enter_bug.cgi?product=pkg-config"
#define PACKAGE_URL ""
#define PACKAGE "pkg-config"
#define VERSION "0.28"
#define STDC_HEADERS 1
#define HAVE_SYS_TYPES_H 1
#define HAVE_SYS_STAT_H 1
#define HAVE_STDLIB_H 1
#define HAVE_STRING_H 1
#define HAVE_MEMORY_H 1
#define HAVE_STRINGS_H 1
#define HAVE_INTTYPES_H 1
#define HAVE_STDINT_H 1
#define HAVE_UNISTD_H 1
#define HAVE_DLFCN_H 1
#define LT_OBJDIR ".libs/"
#define HAVE_DIRENT_H 1
#define HAVE_UNISTD_H 1
#define HAVE_SYS_WAIT_H 1
#define HAVE_MALLOC_H 1
#define ENABLE_INDIRECT_DEPS FALSE

configure: exit 0
